<?xml version="1.0" encoding="UTF-8"?>
<!-- Generated by org.testng.reporters.JUnitReportReporter -->
<testsuite skipped="0" hostname="CDC2-L-6303BY9" name="mypackage.Cookies" tests="1" failures="0" timestamp="09 Jan 2019 05:04:42 GMT" time="15.209" errors="0">
  <testcase name="testmercury" time="15.209" classname="mypackage.Cookies"/>
</testsuite> <!-- mypackage.Cookies -->
