<?xml version="1.0" encoding="UTF-8"?>
<!-- Generated by org.testng.reporters.JUnitReportReporter -->
<testsuite skipped="0" hostname="CDC2-L-6303BY9" name="mypackage.MyTest" tests="1" failures="0" timestamp="07 Jan 2019 10:12:16 GMT" time="22.232" errors="0">
  <testcase name="testMethod" time="22.232" classname="mypackage.MyTest"/>
</testsuite> <!-- mypackage.MyTest -->
