<?xml version="1.0" encoding="UTF-8"?>
<!-- Generated by org.testng.reporters.JUnitReportReporter -->
<testsuite skipped="0" hostname="CDC2-L-6303BY9" name="mypackage.dataprovider" tests="2" failures="0" timestamp="09 Jan 2019 10:07:00 GMT" time="0.036" errors="0">
  <testcase name="f" time="0.029" classname="mypackage.dataprovider"/>
  <testcase name="f" time="0.007" classname="mypackage.dataprovider"/>
</testsuite> <!-- mypackage.dataprovider -->
