<?xml version="1.0" encoding="UTF-8"?>
<!-- Generated by org.testng.reporters.JUnitReportReporter -->
<testsuite skipped="0" hostname="CDC2-L-6303BY9" name="mypackage.alert" tests="1" failures="0" timestamp="08 Jan 2019 07:10:57 GMT" time="28.549" errors="0">
  <testcase name="testN" time="28.549" classname="mypackage.alert"/>
</testsuite> <!-- mypackage.alert -->
