<?xml version="1.0" encoding="UTF-8"?>
<!-- Generated by org.testng.reporters.JUnitReportReporter -->
<testsuite skipped="0" hostname="CDC2-L-6303BY9" name="mypackage.Action" tests="1" failures="0" timestamp="09 Jan 2019 09:17:14 GMT" time="7.172" errors="0">
  <testcase name="actionExample" time="7.172" classname="mypackage.Action"/>
</testsuite> <!-- mypackage.Action -->
