<?xml version="1.0" encoding="UTF-8"?>
<!-- Generated by org.testng.reporters.JUnitReportReporter -->
<testsuite skipped="0" hostname="CDC2-L-6303BY9" name="mypackage.NewTest" tests="1" failures="0" timestamp="08 Jan 2019 05:28:39 GMT" time="18.358" errors="0">
  <testcase name="testN" time="18.358" classname="mypackage.NewTest"/>
</testsuite> <!-- mypackage.NewTest -->
