<?xml version="1.0" encoding="UTF-8"?>
<!-- Generated by org.testng.reporters.JUnitReportReporter -->
<testsuite skipped="0" hostname="CDC2-L-6303BY9" name="mypackage.Scroll" tests="1" failures="0" timestamp="08 Jan 2019 10:12:52 GMT" time="17.138" errors="0">
  <testcase name="test" time="17.138" classname="mypackage.Scroll"/>
</testsuite> <!-- mypackage.Scroll -->
