<?xml version="1.0" encoding="UTF-8"?>
<!-- Generated by org.testng.reporters.JUnitReportReporter -->
<testsuite skipped="0" hostname="CDC2-L-6303BY9" name="mypackage.JsCode" tests="1" failures="0" timestamp="09 Jan 2019 06:20:51 GMT" time="14.758" errors="0">
  <testcase name="testmercury" time="14.758" classname="mypackage.JsCode"/>
</testsuite> <!-- mypackage.JsCode -->
