<?xml version="1.0" encoding="UTF-8"?>
<!-- Generated by org.testng.reporters.JUnitReportReporter -->
<testsuite skipped="0" hostname="CDC2-L-6303BY9" name="mypackage.screenshot" tests="1" failures="0" timestamp="08 Jan 2019 10:01:39 GMT" time="14.347" errors="0">
  <testcase name="captureScreenShot" time="14.347" classname="mypackage.screenshot"/>
</testsuite> <!-- mypackage.screenshot -->
