<?xml version="1.0" encoding="UTF-8"?>
<!-- Generated by org.testng.reporters.JUnitReportReporter -->
<testsuite skipped="0" hostname="CDC2-L-6303BY9" name="mypackage.Checkbox" tests="1" failures="0" timestamp="09 Jan 2019 04:33:23 GMT" time="15.867" errors="0">
  <testcase name="testUpload" time="15.867" classname="mypackage.Checkbox"/>
</testsuite> <!-- mypackage.Checkbox -->
